<?xml version="1.0" encoding="UTF-8"?>
<!-- Generated by org.testng.reporters.JUnitReportReporter -->
<testsuite hostname="STI-D01-PRAKAS" name="TestCases.TestCases" tests="1" failures="0" timestamp="12 Sep 2017 07:38:42 GMT" time="23.708" errors="0">
  <testcase name="TC_002" time="23.708" classname="TestCases.TestCases"/>
</testsuite> <!-- TestCases.TestCases -->
