<?xml version="1.0" encoding="UTF-8"?>
<!-- Generated by org.testng.reporters.JUnitReportReporter -->
<testsuite hostname="STI-D01-PRAKAS" name="TestCases.TestCases" tests="4" failures="0" timestamp="27 May 2016 12:11:14 GMT" time="42.106" errors="0">
  <testcase name="TC_005" time="9.490" classname="TestCases.TestCases"/>
  <testcase name="TC_002" time="9.990" classname="TestCases.TestCases"/>
  <testcase name="TC_001" time="12.771" classname="TestCases.TestCases"/>
  <testcase name="TC_003" time="9.855" classname="TestCases.TestCases"/>
</testsuite> <!-- TestCases.TestCases -->
