<?xml version="1.0" encoding="UTF-8"?>
<!-- Generated by org.testng.reporters.JUnitReportReporter -->
<testsuite hostname="STI-D01-PRAKAS" name="LaunchScript.LaunchScript" tests="1" failures="0" timestamp="27 May 2016 12:11:14 GMT" time="42.821" errors="0">
  <testcase name="Launch" time="42.821" classname="LaunchScript.LaunchScript"/>
</testsuite> <!-- LaunchScript.LaunchScript -->
