<?xml version="1.0" encoding="UTF-8"?>
<!-- Generated by org.testng.reporters.JUnitReportReporter -->
<testsuite hostname="STI-D01-PRAKAS" name="LaunchScript.LaunchScript" tests="1" failures="0" timestamp="22 Feb 2016 07:52:00 GMT" time="68.591" errors="0">
  <testcase name="Launch" time="68.591" classname="LaunchScript.LaunchScript"/>
</testsuite> <!-- LaunchScript.LaunchScript -->
