<?xml version="1.0" encoding="UTF-8"?>
<!-- Generated by org.testng.reporters.JUnitReportReporter -->
<testsuite hostname="STI-D01-PRAKAS" name="LaunchScript.LaunchScript" tests="1" failures="0" timestamp="3 Aug 2017 06:44:37 GMT" time="86.647" errors="0">
  <testcase name="Launch" time="86.647" classname="LaunchScript.LaunchScript"/>
</testsuite> <!-- LaunchScript.LaunchScript -->
